<?xml version="1.0" encoding="UTF-8"?>
<!-- Generated by org.testng.reporters.JUnitReportReporter -->
<testsuite hostname="DESKTOP-3N5FE65" failures="0" tests="1" name="com.booking.TestRunner" time="13.553" errors="0" timestamp="2025-10-01T11:45:29 IST" skipped="0">
  <testcase classname="com.booking.TestRunner" name="runScenario" time="13.553"/>
</testsuite> <!-- com.booking.TestRunner -->
