<?xml version="1.0" encoding="UTF-8"?>
<!-- Generated by org.testng.reporters.JUnitReportReporter -->
<testsuite hostname="DESKTOP-3N5FE65" failures="0" tests="1" name="com.booking.TestRunner" time="8.847" errors="0" timestamp="2025-09-29T21:09:59 IST" skipped="0">
  <testcase classname="com.booking.TestRunner" name="runScenario" time="8.847"/>
</testsuite> <!-- com.booking.TestRunner -->
